Method 'SystemVoidCosmosSystemKernelStart', ID = '0'
Method 'SystemVoidCosmosIL2CPURuntimeEngineInitializeApplication', ID = '1'
Method 'SystemVoidCosmosIL2CPURuntimeEngineFinalizeApplicationSystemInt32', ID = '2'
Method 'SystemVoidCosmosIL2CPUVTablesImplSetMethodInfoSystemInt32SystemInt32SystemUInt32SystemUInt32', ID = '3'
Method 'SystemBooleanCosmosIL2CPUVTablesImplIsInstanceSystemUInt32SystemUInt32', ID = '4'
Method 'SystemVoidCosmosIL2CPUVTablesImplSetTypeInfoSystemInt32SystemUInt32SystemUInt32arraySystemUInt32arraySystemUInt32', ID = '5'
Method 'SystemUInt32CosmosIL2CPUVTablesImplGetMethodAddressForTypeSystemUInt32SystemUInt32', ID = '6'
Method 'SystemVoidCosmosIL2CPUExceptionHelperThrowNotImplementedSystemString', ID = '10'
Method 'SystemVoidCosmosIL2CPUExceptionHelperThrowOverflow', ID = '11'
Method 'SystemVoidSystemArrayctor', ID = '13'
Method 'SystemVoidSystemThrowHelperThrowInvalidOperationExceptionSystemExceptionResource', ID = '14'
Method 'SystemDelegatearraySystemMulticastDelegateGetInvocationList', ID = '15'
Method 'SystemVoidJargonKernelKernelctor', ID = '17'
Method 'SystemVoidCosmosDebugKernelDebuggerSendSystemString', ID = '22'
Method 'SystemVoidCosmosHALBootstrapInit', ID = '26'
Method 'CosmosHALTextScreenBaseCosmosSystemKernelGetTextScreen', ID = '27'
Method 'SystemVoidCosmosSystemGlobalInitCosmosHALTextScreenBase', ID = '28'
Method 'SystemVoidCosmosHALPS2Keyboardctor', ID = '29'
Method 'SystemVoidCosmosSystemKeyboardManagerAddKeyboardCosmosHALKeyboardBase', ID = '30'
Method 'SystemVoidCosmosHALGlobalInitMultitasking', ID = '31'
Method 'SystemVoidCosmosSystemKernelBeforeRun', ID = '32'
Method 'SystemVoidCosmosHALGlobalEnableInterrupts', ID = '33'
Method 'SystemVoidCosmosSystemKernelAfterRun', ID = '35'
Method 'SystemVoidCosmosIL2CPURuntimeEngineInitializeEngine', ID = '39'
Method 'SystemVoidCosmosIL2CPURuntimeEngineHeap_Initialize', ID = '40'
Method 'SystemVoidCosmosIL2CPURuntimeEngineFinalizeEngine', ID = '42'
Method 'SystemVoidCosmosIL2CPURuntimeEngineExitProcessSystemInt32', ID = '43'
Method 'SystemVoidCosmosIL2CPUVTablesImplDebugAndHaltSystemString', ID = '48'
Method 'SystemVoidCosmosIL2CPUVTablesImplDebugSystemString', ID = '50'
Method 'SystemVoidCosmosIL2CPUVTablesImplDebugHexSystemStringSystemUInt32', ID = '51'
Method 'SystemVoidCosmosDebugKernelPlugsDebuggerSendKernelPanicSystemUInt32', ID = '56'
Method 'SystemVoidCosmosCorePlugsGCImplementionImplIncRefCountSystemUInt32', ID = '64'
Method 'SystemVoidCosmosCorePlugsGCImplementionImplDecRefCountSystemUInt32', ID = '65'
Method 'SystemUInt32CosmosCorePlugsGCImplementionImplAllocNewObjectSystemUInt32', ID = '66'
Method 'SystemVoidSystemNotImplementedExceptionctorSystemString', ID = '68'
Method 'SystemVoidSystemOverflowExceptionctorSystemString', ID = '69'
Method 'SystemStringSystemThrowHelperGetResourceNameSystemExceptionResource', ID = '74'
Method 'SystemVoidSystemInvalidOperationExceptionctorSystemString', ID = '76'
Method 'SystemDelegatearraySystemDelegateGetInvocationList', ID = '79'
Method 'SystemInt32SystemIntPtrop_ExplicitSystemIntPtr', ID = '82'
Method 'SystemVoidCosmosSystemKernelctor', ID = '84'
Method 'SystemVoidCosmosSystemGlobalcctor', ID = '86'
Method 'SystemVoidCosmosIL2CPUPlugsSystemExceptionImplCtorSystemString', ID = '89'
Method 'SystemVoidCosmosCoreBootstrapInit', ID = '91'
Method 'SystemVoidCosmosSystemConsolectorCosmosHALTextScreenBase', ID = '93'
Method 'SystemVoidCosmosHALGlobalInitCosmosHALTextScreenBase', ID = '95'
Method 'SystemVoidCosmosSystemGlobalset_NumLockSystemBoolean', ID = '96'
Method 'SystemVoidCosmosSystemGlobalset_CapsLockSystemBoolean', ID = '97'
Method 'SystemVoidCosmosSystemGlobalset_ScrollLockSystemBoolean', ID = '98'
Method 'SystemVoidCosmosHALKeyboardBasector', ID = '103'
Method 'SystemBooleanCosmosSystemKeyboardManagerKeyboardExistsSystemType', ID = '107'
Method 'SystemVoidCosmosSystemKeyboardManagerHandleScanCodeSystemByteSystemBoolean', ID = '108'
Method 'SystemVoidCosmosCorePlugsSystemDelegateImplCtorSystemObjectSystemIntPtr', ID = '204'
Method 'SystemVoidSystemCollectionsGenericList1CosmosHALKeyboardBaseAddCosmosHALKeyboardBase', ID = '111'
Method 'SystemVoidCosmosCoreSchedulerInit', ID = '113'
Method 'SystemVoidJargonKernelKernelBeforeRun', ID = '114'
Method 'SystemVoidCosmosCoreCPUEnableInterrupts', ID = '115'
Method 'SystemVoidJargonKernelKernelRun', ID = '116'
Method 'SystemVoidCosmosSystemPlugsSystemConsoleImplWriteLineSystemString', ID = '118'
Method 'SystemStringSystemBooleanToString', ID = '123'
Method 'SystemStringCosmosIL2CPUPlugsSystemObjectImplToString', ID = '126'
Method 'SystemVoidCosmosIL2CPURuntimeEnginecctor', ID = '127'
Method 'SystemVoidCosmosIL2CPUVTablesImplcctor', ID = '128'
Method 'SystemVoidSystemBooleancctor', ID = '129'
Method 'SystemVoidCosmosCommonKernelPanicTypescctor', ID = '130'
Method 'SystemVoidCosmosDebugKernelPlugsDebuggerDoSendSystemString', ID = '132'
Method 'SystemVoidCosmosDebugKernelPlugsDebuggerDoSendNumberSystemUInt32', ID = '133'
Method 'SystemVoidCosmosCoreMemoryOldGlobalSystemInfoEnsureInitialized', ID = '135'
Method 'SystemUInt32CosmosCoreMemoryOldHeapMemAllocSystemUInt32', ID = '136'
Method 'SystemVoidSystemSystemExceptionctorSystemString', ID = '138'
Method 'SystemVoidSystemExceptionSetErrorCodeSystemInt32', ID = '139'
Method 'SystemVoidSystemArithmeticExceptionctorSystemString', ID = '141'
Method 'SystemVoidCosmosIL2CPUPlugsSystemObjectImplCtor', ID = '142'
Method 'SystemStringCosmosIL2CPUPlugsSystemEnvironmentImplGetResourceStringSystemString', ID = '145'
Method 'SystemVoidCosmosDebugKernelDebuggerctorSystemStringSystemString', ID = '148'
Method 'SystemVoidSystemExceptioncctor', ID = '150'
Method 'SystemVoidCosmosCoreINTsDummy', ID = '154'
Method 'SystemVoidCosmosCorePICctor', ID = '155'
Method 'SystemVoidCosmosHALTextScreenctor', ID = '163'
Method 'SystemVoidCosmosCoreGlobalInit', ID = '166'
Method 'SystemVoidCosmosHALGlobalInitStaticDevices', ID = '167'
Method 'SystemVoidCosmosHALGlobalInitPciDevices', ID = '168'
Method 'SystemVoidCosmosHALGlobalInitAtaCosmosHALBlockDeviceAtaControllerIdEnumCosmosHALBlockDeviceAtaBusPositionEnum', ID = '169'
Method 'SystemVoidCosmosSystemKeyboardManagerset_NumLockSystemBoolean', ID = '170'
Method 'SystemVoidCosmosSystemKeyboardManagerset_CapsLockSystemBoolean', ID = '171'
Method 'SystemVoidCosmosSystemKeyboardManagerset_ScrollLockSystemBoolean', ID = '172'
Method 'SystemVoidCosmosCoreGlobalcctor', ID = '173'
Method 'SystemVoidCosmosCoreBaseIOGroupscctor', ID = '174'
Method 'SystemVoidCosmosHALDevicector', ID = '175'
Method 'SystemVoidCosmosSystemKeyboardManagercctor', ID = '178'
Method 'SystemTypeCosmosIL2CPUPlugsSystemObjectImplGetType', ID = '180'
Method 'SystemCollectionsGenericList1EnumeratorCosmosHALKeyboardBaseSystemCollectionsGenericList1CosmosHALKeyboardBaseGetEnumerator', ID = '181'
Method 'CosmosHALKeyboardBaseSystemCollectionsGenericList1EnumeratorCosmosHALKeyboardBaseget_Current', ID = '182'
Method 'SystemBooleanSystemCollectionsGenericList1EnumeratorCosmosHALKeyboardBaseMoveNext', ID = '184'
Method 'SystemBooleanCosmosSystemScanMapBaseScanCodeMatchesKeySystemByteCosmosSystemConsoleKeyEx', ID = '189'
Method 'SystemBooleanCosmosSystemKeyboardManagerget_CapsLock', ID = '190'
Method 'SystemVoidCosmosSystemKeyboardManagerUpdateLeds', ID = '191'
Method 'SystemBooleanCosmosSystemKeyboardManagerget_NumLock', ID = '192'
Method 'SystemBooleanCosmosSystemKeyboardManagerget_ScrollLock', ID = '193'
Method 'SystemVoidCosmosSystemKeyboardManagerset_ControlPressedSystemBoolean', ID = '194'
Method 'SystemVoidCosmosSystemKeyboardManagerset_ShiftPressedSystemBoolean', ID = '195'
Method 'SystemVoidCosmosSystemKeyboardManagerset_AltPressedSystemBoolean', ID = '196'
Method 'SystemBooleanCosmosSystemKeyboardManagerget_ControlPressed', ID = '197'
Method 'SystemBooleanCosmosSystemKeyboardManagerget_AltPressed', ID = '198'
Method 'SystemVoidCosmosSystemConsoleWriteLineSystemString', ID = '199'
Method 'SystemVoidCosmosSystemPowerReboot', ID = '200'
Method 'SystemBooleanCosmosSystemKeyboardManagerGetKeySystemByteCosmosSystemKeyEvent', ID = '201'
Method 'SystemVoidCosmosSystemKeyboardManagerEnqueueCosmosSystemKeyEvent', ID = '202'
Method 'SystemVoidSystemCollectionsGenericList1CosmosHALKeyboardBaseEnsureCapacitySystemInt32', ID = '206'
Method 'SystemVoidCosmosHALGlobalcctor', ID = '207'
Method 'SystemVoidSystemCollectionsGenericList1CosmosCoreSchedulerThreadDatactor', ID = '209'
Method 'SystemVoidCosmosCoreSchedulerThreadDatactor', ID = '211'
Method 'SystemVoidSystemCollectionsGenericList1CosmosCoreSchedulerThreadDataAddCosmosCoreSchedulerThreadData', ID = '212'
Method 'SystemVoidCosmosCoreTimerInit', ID = '213'
Method 'SystemVoidCosmosCoreSchedulerSwitchTastCosmosCoreINTsIRQContext', ID = '214'
Method 'SystemVoidCosmosCorePlugsSystemDelegateImplCtorSystemObjectSystemIntPtr', ID = '204'
Method 'SystemVoidCosmosCoreINTsSetIrqHandlerSystemByteCosmosCoreINTsIRQDelegate', ID = '216'
Method 'SystemVoidCosmosSystemGlobalset_SchedulerEnabledSystemBoolean', ID = '217'
Method 'SystemVoidJargonKernelKernelthread2', ID = '218'
Method 'SystemVoidCosmosCorePlugsSystemDelegateImplCtorSystemObjectSystemIntPtr', ID = '204'
Method 'SystemVoidCosmosSystemThreadingThreadctorCosmosSystemThreadingThreadStart', ID = '220'
Method 'SystemVoidCosmosSystemThreadingThreadStart', ID = '221'
Method 'SystemVoidSystemConsolecctor', ID = '227'
Method 'CosmosSystemConsoleCosmosSystemPlugsSystemConsoleImplGetConsole', ID = '229'
Method 'SystemVoidCosmosSystemConsoleWriteSystemString', ID = '230'
Method 'SystemVoidCosmosSystemConsoleNewLine', ID = '231'
Method 'SystemStringCosmosSystemPlugsSystemValueTypeImplToString', ID = '232'
Method 'SystemStringCosmosCorePlugsSystemStringImplToString', ID = '233'
Method 'SystemStringCosmosSystemPlugsSystemInt32ImplToString', ID = '234'
Method 'SystemStringCosmosSystemPlugsSystemUInt32ImplToString', ID = '235'
Method 'SystemStringCosmosSystemPlugsSystemEnumImplToString', ID = '236'
Method 'SystemStringCosmosIL2CPUPlugsSystemExceptionImplToString', ID = '237'
Method 'SystemUInt32CosmosCoreMemoryOldGlobalSystemInfoget_TotalDataLookupTableSize', ID = '247'
Method 'SystemBooleanCosmosCoreCPUDisableInterrupts', ID = '250'
Method 'SystemVoidCosmosCoreMemoryOldHeapEnsureIsInitialized', ID = '251'
Method 'CosmosCoreMemoryOldGlobalInformationTablepointerCosmosCoreMemoryOldGlobalSystemInfoget_GlobalInformationTable', ID = '253'
Method 'SystemBooleanCosmosCoreMemoryOldHeapScanDataLookupTableSystemUInt32CosmosCoreMemoryOldDataLookupTablepointerSystemUInt32SystemUInt32', ID = '254'
Method 'CosmosCoreMemoryOldDataLookupEntrypointerCosmosCoreMemoryOldDataLookupTableGetEntrySystemUInt32', ID = '257'
Method 'SystemVoidCosmosCoreMemoryOldHeapClearMemorySystemVoidpointerSystemUInt32', ID = '259'
Method 'SystemVoidSystemExceptionset_HResultSystemInt32', ID = '261'
Method 'SystemStringCosmosIL2CPUPlugsSystemEnvironmentImplGetResourceFromDefaultSystemString', ID = '265'
Method 'SystemVoidCosmosDebugKernelDebuggerset_mSectionSystemString', ID = '267'
Method 'SystemVoidCosmosCoreBootstrapcctor', ID = '269'
Method 'SystemVoidCosmosCoreINTsHandleInterrupt_DefaultCosmosCoreINTsIRQContext', ID = '273'
Method 'SystemVoidCosmosCoreINTsHandleInterrupt_00CosmosCoreINTsIRQContext', ID = '274'
Method 'SystemVoidCosmosCoreINTsHandleInterrupt_01CosmosCoreINTsIRQContext', ID = '275'
Method 'SystemVoidCosmosCoreINTsHandleInterrupt_02CosmosCoreINTsIRQContext', ID = '276'
Method 'SystemVoidCosmosCoreINTsHandleInterrupt_03CosmosCoreINTsIRQContext', ID = '277'
Method 'SystemVoidCosmosCoreINTsHandleInterrupt_04CosmosCoreINTsIRQContext', ID = '278'
Method 'SystemVoidCosmosCoreINTsHandleInterrupt_05CosmosCoreINTsIRQContext', ID = '279'
Method 'SystemVoidCosmosCoreINTsHandleInterrupt_06CosmosCoreINTsIRQContext', ID = '280'
Method 'SystemVoidCosmosCoreINTsHandleInterrupt_07CosmosCoreINTsIRQContext', ID = '281'
Method 'SystemVoidCosmosCoreINTsHandleInterrupt_08CosmosCoreINTsIRQContext', ID = '282'
Method 'SystemVoidCosmosCoreINTsHandleInterrupt_09CosmosCoreINTsIRQContext', ID = '283'
Method 'SystemVoidCosmosCoreINTsHandleInterrupt_0ACosmosCoreINTsIRQContext', ID = '284'
Method 'SystemVoidCosmosCoreINTsHandleInterrupt_0BCosmosCoreINTsIRQContext', ID = '285'
Method 'SystemVoidCosmosCoreINTsHandleInterrupt_0CCosmosCoreINTsIRQContext', ID = '286'
Method 'SystemVoidCosmosCoreINTsHandleInterrupt_0DCosmosCoreINTsIRQContext', ID = '287'
Method 'SystemVoidCosmosCoreINTsHandleInterrupt_0ECosmosCoreINTsIRQContext', ID = '288'
Method 'SystemVoidCosmosCoreINTsHandleInterrupt_0FCosmosCoreINTsIRQContext', ID = '289'
Method 'SystemVoidCosmosCoreINTsHandleInterrupt_10CosmosCoreINTsIRQContext', ID = '290'
Method 'SystemVoidCosmosCoreINTsHandleInterrupt_11CosmosCoreINTsIRQContext', ID = '291'
Method 'SystemVoidCosmosCoreINTsHandleInterrupt_12CosmosCoreINTsIRQContext', ID = '292'
Method 'SystemVoidCosmosCoreINTsHandleInterrupt_13CosmosCoreINTsIRQContext', ID = '293'
Method 'SystemVoidCosmosCoreINTsHandleInterrupt_20CosmosCoreINTsIRQContext', ID = '294'
Method 'SystemVoidCosmosCoreINTsHandleInterrupt_21CosmosCoreINTsIRQContext', ID = '295'
Method 'SystemVoidCosmosCoreINTsHandleInterrupt_22CosmosCoreINTsIRQContext', ID = '296'
Method 'SystemVoidCosmosCoreINTsHandleInterrupt_23CosmosCoreINTsIRQContext', ID = '297'
Method 'SystemVoidCosmosCoreINTsHandleInterrupt_24CosmosCoreINTsIRQContext', ID = '298'
Method 'SystemVoidCosmosCoreINTsHandleInterrupt_25CosmosCoreINTsIRQContext', ID = '299'
Method 'SystemVoidCosmosCoreINTsHandleInterrupt_26CosmosCoreINTsIRQContext', ID = '300'
Method 'SystemVoidCosmosCoreINTsHandleInterrupt_27CosmosCoreINTsIRQContext', ID = '301'
Method 'SystemVoidCosmosCoreINTsHandleInterrupt_28CosmosCoreINTsIRQContext', ID = '302'
Method 'SystemVoidCosmosCoreINTsHandleInterrupt_29CosmosCoreINTsIRQContext', ID = '303'
Method 'SystemVoidCosmosCoreINTsHandleInterrupt_2ACosmosCoreINTsIRQContext', ID = '304'
Method 'SystemVoidCosmosCoreINTsHandleInterrupt_2BCosmosCoreINTsIRQContext', ID = '305'
Method 'SystemVoidCosmosCoreINTsHandleInterrupt_2CCosmosCoreINTsIRQContext', ID = '306'
Method 'SystemVoidCosmosCoreINTsHandleInterrupt_2DCosmosCoreINTsIRQContext', ID = '307'
Method 'SystemVoidCosmosCoreINTsHandleInterrupt_2ECosmosCoreINTsIRQContext', ID = '308'
Method 'SystemVoidCosmosCoreINTsHandleInterrupt_2FCosmosCoreINTsIRQContext', ID = '309'
Method 'SystemVoidCosmosCoreINTsHandleInterrupt_30CosmosCoreINTsIRQContext', ID = '310'
Method 'SystemVoidCosmosCoreINTsHandleInterrupt_35CosmosCoreINTsIRQContext', ID = '311'
Method 'SystemVoidCosmosCoreINTsHandleInterrupt_40CosmosCoreINTsIRQContext', ID = '312'
Method 'SystemVoidCosmosCoreINTsHandleInterrupt_41CosmosCoreINTsIRQContext', ID = '313'
Method 'SystemVoidCosmosCoreINTsHandleInterrupt_42CosmosCoreINTsIRQContext', ID = '314'
Method 'SystemVoidCosmosCoreINTsHandleInterrupt_43CosmosCoreINTsIRQContext', ID = '315'
Method 'SystemVoidCosmosCoreINTsHandleInterrupt_44CosmosCoreINTsIRQContext', ID = '316'
Method 'SystemVoidCosmosCoreINTsHandleInterrupt_45CosmosCoreINTsIRQContext', ID = '317'
Method 'SystemVoidCosmosCoreINTsHandleInterrupt_46CosmosCoreINTsIRQContext', ID = '318'
Method 'SystemVoidCosmosCoreINTsHandleInterrupt_47CosmosCoreINTsIRQContext', ID = '319'
Method 'SystemVoidCosmosCoreINTsHandleInterrupt_48CosmosCoreINTsIRQContext', ID = '320'
Method 'SystemVoidCosmosCoreINTsHandleInterrupt_49CosmosCoreINTsIRQContext', ID = '321'
Method 'SystemVoidCosmosCoreIOGroupPICctorSystemBoolean', ID = '323'
Method 'SystemVoidCosmosCorePICRemapSystemByteSystemByteSystemByteSystemByte', ID = '324'
Method 'SystemVoidCosmosCorePlugsCPUImplUpdateIDTSystemBoolean', ID = '325'
Method 'SystemVoidCosmosCorePlugsCPUImplInitSSE', ID = '326'
Method 'SystemVoidCosmosCorePlugsCPUImplInitFloat', ID = '327'
Method 'SystemVoidCosmosCoreIOGroupTextScreenctor', ID = '329'
Method 'SystemVoidCosmosHALTextScreenBasector', ID = '330'
Method 'SystemVoidCosmosHALPCISetup', ID = '339'
Method 'SystemVoidCosmosHALBlockDeviceAtaPioctorCosmosCoreIOGroupATACosmosHALBlockDeviceAtaControllerIdEnumCosmosHALBlockDeviceAtaBusPositionEnum', ID = '342'
Method 'CosmosHALBlockDeviceAtaPioSpecLevelCosmosHALBlockDeviceAtaPioget_DriveType', ID = '343'
Method 'SystemVoidSystemCollectionsGenericList1CosmosHALBlockDeviceBlockDeviceAddCosmosHALBlockDeviceBlockDevice', ID = '346'
Method 'SystemVoidCosmosHALBlockDeviceMBRctorSystemBytearray', ID = '350'
Method 'SystemVoidCosmosHALBlockDeviceEBRctorSystemBytearray', ID = '352'
Method 'SystemInt32SystemCollectionsGenericList1CosmosHALBlockDeviceEBRPartInfoget_Count', ID = '354'
Method 'SystemInt32SystemCollectionsGenericList1CosmosHALBlockDeviceMBRPartInfoget_Count', ID = '355'
Method 'SystemVoidCosmosDebugKernelDebuggerSendNumberSystemInt32', ID = '356'
Method 'CosmosHALBlockDeviceMBRPartInfoSystemCollectionsGenericList1CosmosHALBlockDeviceMBRPartInfoget_ItemSystemInt32', ID = '357'
Method 'SystemStringSystemStringConcatSystemObjectSystemObject', ID = '358'
Method 'SystemVoidCosmosHALBlockDevicePartitionctorCosmosHALBlockDeviceBlockDeviceSystemUInt64SystemUInt64', ID = '360'
Method 'SystemVoidCosmosCoreBaseIOGroupsctor', ID = '364'
Method 'SystemVoidCosmosCoreIOGroupMousector', ID = '366'
Method 'SystemVoidCosmosCoreIOGroupPCSpeakerctor', ID = '368'
Method 'SystemVoidCosmosHALPS2KeyboardInitialize', ID = '370'
Method 'SystemVoidCosmosHALPS2KeyboardUpdateLeds', ID = '371'
Method 'SystemVoidSystemCollectionsGenericList1CosmosHALKeyboardBasector', ID = '372'
Method 'SystemVoidCosmosSystemScanMapsUS_Standardctor', ID = '373'
Method 'SystemVoidSystemCollectionsGenericQueue1CosmosSystemKeyEventctor', ID = '374'
Method 'SystemVoidSystemCollectionsGenericList1EnumeratorCosmosHALKeyboardBasectorSystemCollectionsGenericList1CosmosHALKeyboardBase', ID = '379'
Method 'SystemBooleanCosmosSystemPlugsSystemTypeImplop_EqualitySystemUInt32SystemUInt32', ID = '380'
Method 'SystemBooleanSystemCollectionsGenericList1EnumeratorCosmosHALKeyboardBaseMoveNextRare', ID = '381'
Method 'SystemVoidSystemCollectionsGenericList1EnumeratorCosmosHALKeyboardBaseDispose', ID = '383'
Method 'CosmosSystemKeyMappingSystemCollectionsGenericList1CosmosSystemKeyMappingget_ItemSystemInt32', ID = '387'
Method 'SystemInt32SystemCollectionsGenericList1CosmosSystemKeyMappingget_Count', ID = '389'
Method 'SystemVoidCosmosHALPowerReboot', ID = '394'
Method 'SystemBooleanCosmosSystemKeyboardManagerget_ShiftPressed', ID = '396'
Method 'CosmosSystemKeyEventCosmosSystemScanMapBaseConvertScanCodeSystemByteSystemBooleanSystemBooleanSystemBooleanSystemBooleanSystemBooleanSystemBoolean', ID = '397'
Method 'SystemVoidSystemCollectionsGenericQueue1CosmosSystemKeyEventEnqueueCosmosSystemKeyEvent', ID = '399'
Method 'SystemVoidSystemCollectionsGenericList1CosmosHALKeyboardBasecctor', ID = '401'
Method 'SystemVoidSystemCollectionsGenericList1CosmosHALKeyboardBaseset_CapacitySystemInt32', ID = '402'
Method 'SystemVoidCosmosCoreSchedulercctor', ID = '403'
Method 'SystemVoidSystemCollectionsGenericList1CosmosCoreSchedulerThreadDataEnsureCapacitySystemInt32', ID = '408'
Method 'SystemVoidCosmosCoreIOPortctorSystemUInt16', ID = '410'
Method 'SystemVoidCosmosCoreTimertimer_phaseSystemUInt32', ID = '411'
Method 'SystemInt32SystemCollectionsGenericList1CosmosCoreSchedulerThreadDataget_Count', ID = '413'
Method 'CosmosCoreSchedulerThreadDataSystemCollectionsGenericList1CosmosCoreSchedulerThreadDataget_ItemSystemInt32', ID = '415'
Method 'SystemVoidCosmosCoreINTsSetIntHandlerSystemByteCosmosCoreINTsIRQDelegate', ID = '417'
Method 'SystemVoidCosmosHALGlobalset_SchedulerEnabledSystemBoolean', ID = '418'
Method 'SystemVoidCosmosHALGlobalCreateThreadSystemUInt32', ID = '422'
Method 'SystemVoidCosmosCorePlugsCPUImplDoEnableInterrupts', ID = '423'
Method 'SystemVoidCosmosSystemPlugsSystemConsoleImplWriteSystemString', ID = '424'
Method 'SystemStringCosmosSystemPlugsSystemConsoleImplReadLine', ID = '425'
Method 'SystemVoidSystemTextUnicodeEncodingctorSystemBooleanSystemBoolean', ID = '426'
Method 'SystemVoidCosmosSystemPlugsSystemConsoleImplcctor', ID = '435'
Method 'SystemVoidCosmosSystemConsoleWriteCharSystemChar', ID = '438'
Method 'SystemVoidCosmosSystemConsoleUpdateCursor', ID = '441'
Method 'SystemStringCosmosCommonStringHelperGetNumberStringSystemInt32', ID = '446'
Method 'SystemStringCosmosCommonStringHelperGetNumberStringSystemUInt32', ID = '449'
Method 'SystemStringSystemStringConcatSystemStringSystemString', ID = '452'
Method 'SystemUInt32CosmosCorePlugsCPUImplGetEndOfKernel', ID = '453'
Method 'SystemVoidCosmosCorePlugsCPUImplZeroFillSystemUInt32SystemUInt32', ID = '454'
Method 'SystemVoidCosmosCoreMemoryOldHeapcctor', ID = '455'
Method 'SystemVoidCosmosCoreMemoryOldHeapDoInitializeSystemUInt32', ID = '459'
Method 'SystemVoidCosmosSystemPlugsSystemEnumImplCctor', ID = '464'
Method 'SystemBooleanSystemStringop_EqualitySystemStringSystemString', ID = '465'
Method 'SystemStringCosmosSystemPlugsSystemIntPtrImplToString', ID = '466'
Method 'SystemVoidCosmosCoreCPUctor', ID = '467'
Method 'SystemVoidCosmosCoreINTscctor', ID = '468'
Method 'CosmosCorePICCosmosCoreGlobalget_PIC', ID = '469'
Method 'SystemVoidCosmosCorePICEoiSlave', ID = '470'
Method 'SystemVoidCosmosCorePICEoiMaster', ID = '471'
Method 'SystemVoidCosmosCoreINTsHandleExceptionSystemUInt32SystemStringSystemStringCosmosCoreINTsIRQContextSystemUInt32', ID = '472'
Method 'SystemVoidCosmosCorePlugsSystemDelegateImplInvoke', ID = '611'
Method 'SystemVoidCosmosCoreINTsIRQSystemUInt32CosmosCoreINTsIRQContext', ID = '476'
Method 'SystemVoidCosmosCoreIOGroupIOGroupctor', ID = '479'
Method 'SystemByteCosmosCoreIOPortget_Byte', ID = '480'
Method 'SystemVoidCosmosCoreIOPortset_ByteSystemByte', ID = '481'
Method 'SystemVoidCosmosCoreIOPortWait', ID = '482'
Method 'SystemVoidCosmosCoreMemoryBlockctorSystemUInt32SystemUInt32', ID = '484'
Method 'SystemVoidCosmosHALTextScreenSetColorsSystemConsoleColorSystemConsoleColor', ID = '487'
Method 'SystemUInt16CosmosHALTextScreenget_Cols', ID = '489'
Method 'SystemUInt16CosmosHALTextScreenget_Rows', ID = '490'
Method 'SystemVoidCosmosHALTextScreenSetCursorSizeSystemInt32', ID = '491'
Method 'SystemVoidCosmosHALTextScreenSetCursorVisibleSystemBoolean', ID = '492'
Method 'SystemVoidCosmosSystemPlugsSystemConsoleImplWriteLine', ID = '493'
Method 'SystemVoidCosmosHALPCIEnumerateDevices', ID = '495'
Method 'SystemVoidCosmosHALBlockDeviceAtactor', ID = '498'
Method 'SystemVoidCosmosCoreIOPortWriteset_ByteSystemByte', ID = '499'
Method 'CosmosHALBlockDeviceAtaPioSpecLevelCosmosHALBlockDeviceAtaPioDiscoverDrive', ID = '500'
Method 'SystemVoidCosmosHALBlockDeviceAtaPioInitDrive', ID = '501'
Method 'SystemVoidCosmosHALBlockDeviceBlockDevicecctor', ID = '503'
Method 'SystemVoidSystemCollectionsGenericList1CosmosHALBlockDeviceBlockDeviceEnsureCapacitySystemInt32', ID = '505'
Method 'SystemVoidCosmosHALBlockDeviceAtacctor', ID = '506'
Method 'SystemStringCosmosHALBlockDeviceAtaToString', ID = '507'
Method 'SystemVoidCosmosHALBlockDeviceAtaPioReadBlockSystemUInt64SystemUInt64SystemBytearray', ID = '510'
Method 'SystemVoidSystemCollectionsGenericList1CosmosHALBlockDeviceMBRPartInfoctor', ID = '511'
Method 'SystemVoidCosmosHALBlockDeviceMBRParsePartitionSystemBytearraySystemUInt32', ID = '512'
Method 'SystemVoidSystemCollectionsGenericList1CosmosHALBlockDeviceEBRPartInfoctor', ID = '513'
Method 'SystemVoidCosmosHALBlockDeviceEBRParsePartitionSystemBytearraySystemUInt32', ID = '514'
Method 'SystemVoidSystemThrowHelperThrowArgumentOutOfRangeException', ID = '518'
Method 'SystemVoidCosmosHALBlockDeviceBlockDevicector', ID = '520'
Method 'SystemUInt64CosmosHALBlockDeviceBlockDeviceget_BlockSize', ID = '521'
Method 'SystemVoidCosmosCoreIOGroupKeyboardctor', ID = '522'
Method 'SystemVoidCosmosCoreIOGroupPITctor', ID = '523'
Method 'SystemVoidCosmosCoreIOGroupATActorSystemBoolean', ID = '524'
Method 'SystemVoidCosmosCoreIOGroupRTCctor', ID = '525'
Method 'SystemVoidCosmosCoreIOGroupVBEctor', ID = '526'
Method 'SystemVoidCosmosHALPS2KeyboardHandleIRQCosmosCoreINTsIRQContext', ID = '529'
Method 'SystemVoidCosmosSystemScanMapBasector', ID = '532'
Method 'SystemVoidCosmosSystemPlugsSystemTypeImplCCtor', ID = '535'
Method 'SystemStringCosmosSystemPlugsSystemTypeImplToString', ID = '536'
Method 'SystemStringCosmosSystemPlugsSystemByteImplToString', ID = '538'
Method 'CosmosCoreCPUCosmosCoreGlobalget_CPU', ID = '541'
Method 'SystemVoidCosmosCoreCPUReboot', ID = '542'
Method 'SystemVoidCosmosSystemKeyEventctor', ID = '543'
Method 'SystemConsoleModifiersCosmosSystemKeyEventget_Modifiers', ID = '544'
Method 'SystemVoidCosmosSystemKeyEventset_ModifiersSystemConsoleModifiers', ID = '545'
Method 'SystemVoidCosmosSystemKeyEventset_TypeCosmosSystemKeyEventKeyEventType', ID = '546'
Method 'SystemVoidCosmosSystemKeyEventset_KeyCharSystemChar', ID = '547'
Method 'SystemVoidCosmosSystemKeyEventset_KeyCosmosSystemConsoleKeyEx', ID = '548'
Method 'SystemVoidSystemCollectionsGenericQueue1CosmosSystemKeyEventSetCapacitySystemInt32', ID = '549'
Method 'SystemVoidSystemThrowHelperThrowArgumentOutOfRangeExceptionSystemExceptionArgumentSystemExceptionResource', ID = '550'
Method 'SystemVoidSystemArrayCopySystemArraySystemInt32SystemArraySystemInt32SystemInt32', ID = '551'
Method 'SystemVoidSystemCollectionsGenericList1CosmosCoreSchedulerThreadDatacctor', ID = '553'
Method 'SystemVoidSystemCollectionsGenericList1CosmosCoreSchedulerThreadDataset_CapacitySystemInt32', ID = '554'
Method 'SystemVoidCosmosCoreIOPortBasectorSystemUInt16', ID = '556'
Method 'SystemInt32SystemInt32GetHashCode', ID = '560'
Method 'SystemInt32SystemUInt32GetHashCode', ID = '561'
Method 'SystemInt32SystemBooleanGetHashCode', ID = '562'
Method 'SystemInt32SystemDelegateGetHashCode', ID = '565'
Method 'SystemInt32SystemTypeGetHashCode', ID = '567'
Method 'SystemInt32SystemByteGetHashCode', ID = '568'
Method 'SystemInt32SystemReflectionMemberInfoGetHashCode', ID = '569'
Method 'SystemInt32SystemUInt16GetHashCode', ID = '570'
Method 'SystemInt32SystemUInt64GetHashCode', ID = '571'
Method 'SystemInt32CosmosIL2CPUPlugsSystemObjectImplGetHashCode', ID = '572'
Method 'SystemVoidCosmosCoreSchedulerCreateNewThreadSystemUInt32', ID = '573'
Method 'SystemVoidSystemCollectionsGenericList1SystemCharctorSystemInt32', ID = '574'
Method 'CosmosSystemConsoleKeyExCosmosSystemKeyEventget_Key', ID = '575'
Method 'SystemInt32CosmosSystemConsoleget_X', ID = '576'
Method 'SystemVoidSystemCollectionsGenericList1SystemCharRemoveAtSystemInt32', ID = '577'
Method 'SystemVoidCosmosSystemConsoleset_XSystemInt32', ID = '578'
Method 'SystemCharSystemCollectionsGenericList1SystemCharget_ItemSystemInt32', ID = '579'
Method 'SystemVoidCosmosSystemPlugsSystemConsoleImplWriteSystemChar', ID = '580'
Method 'SystemInt32SystemCollectionsGenericList1SystemCharget_Count', ID = '581'
Method 'SystemCharCosmosSystemKeyEventget_KeyChar', ID = '582'
Method 'SystemVoidSystemCollectionsGenericList1SystemCharAddSystemChar', ID = '583'
Method 'SystemVoidSystemCollectionsGenericList1SystemCharctor', ID = '584'
Method 'CosmosSystemKeyEventCosmosSystemKeyboardManagerReadKey', ID = '585'
Method 'SystemChararraySystemCollectionsGenericList1SystemCharToArray', ID = '586'
Method 'SystemVoidSystemTextUnicodeEncodingctorSystemBooleanSystemBooleanSystemBoolean', ID = '589'
Method 'SystemCharCosmosCorePlugsSystemStringImplget_CharsSystemInt32SystemCharpointer', ID = '593'
Method 'SystemInt32CosmosCorePlugsSystemStringImplget_LengthSystemInt32', ID = '595'
Method 'SystemVoidCosmosHALTextScreenScrollUp', ID = '596'
Method 'SystemVoidCosmosCorePlugsSystemStringImplcctor', ID = '598'
Method 'SystemStringCosmosIL2CPUPlugsSystemExceptionImplget_Message', ID = '600'
Method 'SystemBooleanSystemStringIsNullOrEmptySystemString', ID = '601'
Method 'SystemVoidSystemStringFillStringCheckedSystemStringSystemInt32SystemString', ID = '603'
Method 'SystemVoidCosmosCorePlugsCPUImplDoDisableInterrupts', ID = '604'
Method 'SystemUInt32CosmosCorePlugsCPUImplGetAmountOfRAM', ID = '605'
Method 'SystemBooleanSystemStringEqualsSystemStringSystemString', ID = '607'
Method 'SystemVoidCosmosCoreINTsPutErrorCharSystemInt32SystemInt32SystemChar', ID = '609'
Method 'SystemVoidCosmosCoreINTsPutErrorStringSystemInt32SystemInt32SystemString', ID = '610'
Method 'SystemVoidCosmosCoreMemoryBlock08ctorSystemUInt32SystemUInt32', ID = '615'
Method 'SystemVoidCosmosCoreMemoryBlock16ctorSystemUInt32SystemUInt32', ID = '616'
Method 'SystemVoidCosmosCoreMemoryBlock32ctorSystemUInt32SystemUInt32', ID = '617'
Method 'SystemVoidCosmosHALPCIcctor', ID = '619'
Method 'SystemVoidSystemCollectionsGenericList1CosmosHALPCIDevicector', ID = '620'
Method 'SystemVoidCosmosHALBlockDeviceAtaPiocctor', ID = '622'
Method 'SystemStringCosmosHALBlockDeviceAtaPioToString', ID = '623'
Method 'SystemVoidCosmosHALBlockDeviceAtaPioSelectDriveSystemByte', ID = '625'
Method 'CosmosHALBlockDeviceAtaPioStatusCosmosHALBlockDeviceAtaPioSendCmdCosmosHALBlockDeviceAtaPioCmdSystemBoolean', ID = '626'
Method 'CosmosHALBlockDeviceAtaPioStatusCosmosHALBlockDeviceAtaPioSendCmdCosmosHALBlockDeviceAtaPioCmd', ID = '627'
Method 'SystemVoidCosmosCoreIOPortBaseRead16SystemUInt16array', ID = '628'
Method 'SystemStringCosmosHALBlockDeviceAtaPioGetStringSystemUInt16arraySystemInt32SystemInt32', ID = '629'
Method 'SystemVoidSystemCollectionsGenericList1CosmosHALBlockDeviceBlockDevicector', ID = '630'
Method 'SystemVoidSystemCollectionsGenericList1CosmosHALBlockDeviceBlockDevicecctor', ID = '631'
Method 'SystemVoidSystemCollectionsGenericList1CosmosHALBlockDeviceBlockDeviceset_CapacitySystemInt32', ID = '632'
Method 'SystemVoidCosmosHALBlockDeviceBlockDeviceCheckDataSizeSystemBytearraySystemUInt64', ID = '634'
Method 'SystemVoidCosmosHALBlockDeviceAtaPioSelectSectorSystemUInt64SystemUInt64', ID = '635'
Method 'SystemVoidCosmosCoreIOPortBaseRead8SystemBytearray', ID = '636'
Method 'SystemUInt32CosmosCommonExtensionsByteConverterToUInt32SystemBytearraySystemUInt64', ID = '638'
Method 'SystemVoidCosmosHALBlockDeviceMBRPartInfoctorSystemByteSystemUInt32SystemUInt32', ID = '639'
Method 'SystemVoidSystemCollectionsGenericList1CosmosHALBlockDeviceMBRPartInfoAddCosmosHALBlockDeviceMBRPartInfo', ID = '640'
Method 'SystemVoidCosmosHALBlockDeviceEBRPartInfoctorSystemByteSystemUInt32SystemUInt32', ID = '642'
Method 'SystemVoidSystemCollectionsGenericList1CosmosHALBlockDeviceEBRPartInfoAddCosmosHALBlockDeviceEBRPartInfo', ID = '643'
Method 'SystemVoidSystemCollectionsGenericList1CosmosHALBlockDeviceEBRPartInfocctor', ID = '644'
Method 'SystemVoidSystemCollectionsGenericList1CosmosHALBlockDeviceMBRPartInfocctor', ID = '645'
Method 'SystemVoidCosmosDebugKernelPlugsDebuggerDoSendNumberSystemInt32', ID = '646'
Method 'SystemStringCosmosHALBlockDevicePartitionToString', ID = '647'
Method 'SystemVoidCosmosHALBlockDevicePartitionReadBlockSystemUInt64SystemUInt64SystemBytearray', ID = '648'
Method 'SystemVoidCosmosCoreIOPortWritectorSystemUInt16', ID = '651'
Method 'SystemUInt16CosmosCoreIOGroupATAGetBAR0SystemBoolean', ID = '652'
Method 'SystemUInt16CosmosCoreIOGroupATAGetBAR1SystemBoolean', ID = '653'
Method 'SystemVoidCosmosCoreIOPortWritectorSystemUInt16SystemUInt16', ID = '654'
Method 'SystemVoidCosmosCoreIOPortctorSystemUInt16SystemUInt16', ID = '655'
Method 'SystemVoidCosmosCoreIOPortReadctorSystemUInt16SystemUInt16', ID = '656'
Method 'SystemVoidCosmosCorePlugsSystemDelegateImplInvoke', ID = '611'
Method 'SystemVoidSystemCollectionsGenericQueue1CosmosSystemKeyEventcctor', ID = '661'
Method 'SystemVoidSystemCollectionsGenericList1CosmosSystemKeyMappingcctor', ID = '664'
Method 'SystemBooleanSystemCompatibilitySwitchesget_IsAppEarlierThanWindowsPhone8', ID = '669'
Method 'SystemStringSystemThrowHelperGetArgumentNameSystemExceptionArgument', ID = '670'
Method 'SystemVoidSystemArgumentOutOfRangeExceptionctorSystemStringSystemString', ID = '671'
Method 'SystemInt32CosmosSystemPlugsSystemValueTypeImplGetHashCode', ID = '673'
Method 'SystemInt32CosmosCorePlugsSystemStringImplGetHashCode', ID = '674'
Method 'SystemInt32CosmosSystemPlugsSystemEnumImplGetHashCode', ID = '675'
Method 'SystemInt32CosmosCorePlugsSystemDelegateImplGetHashCodeSystemIntPtr', ID = '676'
Method 'SystemInt32CosmosSystemPlugsSystemIntPtrImplGetHashCode', ID = '677'
Method 'SystemVoidSystemCollectionsGenericList1SystemCharEnsureCapacitySystemInt32', ID = '681'
Method 'SystemVoidCosmosHALKeyboardBaseWaitForKey', ID = '682'
Method 'SystemInt32SystemCollectionsGenericQueue1CosmosSystemKeyEventget_Count', ID = '683'
Method 'CosmosSystemKeyEventSystemCollectionsGenericQueue1CosmosSystemKeyEventDequeue', ID = '684'
Method 'SystemVoidCosmosCorePlugsSystemStringImplCtorSystemChararraySystemStringSystemInt32SystemCharpointer', ID = '686'
Method 'SystemInt32SystemTextUnicodeEncodingGetHashCode', ID = '688'
Method 'SystemVoidSystemTextEncodingctorSystemInt32', ID = '689'
Method 'SystemVoidSystemTextEncodingSetDefaultFallbacks', ID = '690'
Method 'SystemInt32SystemCharGetHashCode', ID = '693'
Method 'SystemVoidCosmosHALTextScreenset_ItemSystemInt32SystemInt32SystemChar', ID = '696'
Method 'SystemVoidCosmosCoreMemoryBlockMoveDownSystemUInt32SystemUInt32SystemUInt32', ID = '697'
Method 'SystemVoidCosmosCoreMemoryBlockFillSystemUInt32SystemUInt32SystemUInt16', ID = '698'
Method 'SystemVoidCosmosHALTextScreenSetCursorPosSystemInt32SystemInt32', ID = '699'
Method 'SystemVoidCosmosCommonStringHelpercctor', ID = '701'
Method 'SystemStringCosmosCorePlugsSystemStringImplFastAllocateStringSystemInt32', ID = '702'
Method 'SystemVoidSystemIndexOutOfRangeExceptionctor', ID = '703'
Method 'SystemVoidSystemStringwstrcpySystemCharpointerSystemCharpointerSystemInt32', ID = '704'
Method 'SystemByteCosmosCorePlugsIOPortImplRead8SystemUInt16', ID = '706'
Method 'SystemVoidCosmosCorePlugsIOPortImplWrite8SystemUInt16SystemByte', ID = '707'
Method 'SystemStringCosmosSystemPlugsSystemUInt16ImplToString', ID = '711'
Method 'SystemVoidCosmosHALBlockDeviceAtaPioWait', ID = '716'
Method 'SystemByteCosmosCoreIOPortReadget_Byte', ID = '719'
Method 'SystemVoidCosmosHALBlockDeviceAtaPioDebugSystemString', ID = '720'
Method 'SystemVoidCosmosHALBlockDeviceAtaPioDebugHexSystemStringSystemUInt32', ID = '721'
Method 'SystemStringCosmosSystemPlugsSystemUInt64ImplToString', ID = '725'
Method 'SystemVoidCosmosHALBlockDeviceBlockDeviceCheckBlockNoSystemUInt64SystemUInt64', ID = '726'
Method 'SystemVoidCosmosCoreIOPortWriteset_WordSystemUInt16', ID = '727'
Method 'SystemVoidSystemCollectionsGenericList1CosmosHALBlockDeviceMBRPartInfoEnsureCapacitySystemInt32', ID = '729'
Method 'SystemVoidSystemCollectionsGenericList1CosmosHALBlockDeviceEBRPartInfoEnsureCapacitySystemInt32', ID = '731'
Method 'SystemVoidCosmosCoreIOPortBasectorSystemUInt16SystemUInt16', ID = '732'
Method 'SystemVoidCosmosSystemScanMapsUS_StandardInitKeys', ID = '734'
Method 'SystemVoidCosmosCorePlugsCPUImplHalt', ID = '736'
Method 'SystemVoidSystemArgumentExceptionctorSystemStringSystemString', ID = '739'
Method 'SystemVoidCosmosCorePlugsSystemArrayImplCopySystemArraySystemInt32SystemArraySystemInt32SystemInt32SystemBoolean', ID = '740'
Method 'SystemVoidpointerSystemIntPtrToPointer', ID = '742'
Method 'SystemVoidSystemCollectionsGenericList1SystemCharcctor', ID = '743'
Method 'SystemVoidSystemCollectionsGenericList1SystemCharset_CapacitySystemInt32', ID = '744'
Method 'SystemInt32SystemTextEncodingGetHashCode', ID = '746'
Method 'SystemInt32SystemTextEncodingget_CodePage', ID = '747'
Method 'SystemTextEncoderFallbackSystemTextEncodingget_EncoderFallback', ID = '748'
Method 'SystemTextDecoderFallbackSystemTextEncodingget_DecoderFallback', ID = '749'
Method 'SystemVoidSystemArgumentOutOfRangeExceptionctorSystemString', ID = '750'
Method 'SystemVoidSystemTextUnicodeEncodingSetDefaultFallbacks', ID = '751'
Method 'SystemVoidSystemTextInternalEncoderBestFitFallbackctorSystemTextEncoding', ID = '752'
Method 'SystemVoidSystemTextInternalDecoderBestFitFallbackctorSystemTextEncoding', ID = '753'
Method 'SystemVoidCosmosSystemPlugsSystemCharImplCctor', ID = '754'
Method 'SystemStringCosmosSystemPlugsSystemCharImplToString', ID = '755'
Method 'SystemVoidCosmosCoreMemoryBlock08set_ItemSystemUInt32SystemByte', ID = '756'
Method 'SystemVoidCosmosCoreMemoryOperationsFillSystemUInt16pointerSystemUInt16SystemInt32', ID = '757'
Method 'SystemVoidSystemBufferMemcpySystemBytepointerSystemBytepointerSystemInt32', ID = '760'
Method 'SystemBooleanCosmosCorePlugsSystemStringImplEqualsHelperSystemStringSystemString', ID = '761'
Method 'SystemVoidSystemCollectionsGenericList1CosmosHALPCIDevicecctor', ID = '765'
Method 'SystemVoidCosmosDebugKernelDebuggerSendNumberSystemUInt32', ID = '766'
Method 'SystemUInt16CosmosCorePlugsIOPortImplRead16SystemUInt16', ID = '767'
Method 'SystemStringCosmosCommonStringHelperGetNumberStringSystemUInt64', ID = '770'
Method 'SystemVoidSystemCollectionsGenericList1CosmosHALBlockDeviceMBRPartInfoset_CapacitySystemInt32', ID = '772'
Method 'SystemVoidSystemCollectionsGenericList1CosmosHALBlockDeviceEBRPartInfoset_CapacitySystemInt32', ID = '773'
Method 'SystemVoidSystemCollectionsGenericList1CosmosSystemKeyMappingctorSystemInt32', ID = '774'
Method 'SystemVoidCosmosSystemKeyMappingctorSystemByteCosmosSystemConsoleKeyEx', ID = '775'
Method 'SystemVoidSystemCollectionsGenericList1CosmosSystemKeyMappingAddCosmosSystemKeyMapping', ID = '776'
Method 'SystemVoidCosmosSystemKeyMappingctorSystemByteSystemCharSystemCharSystemCharSystemCharSystemCharSystemCharCosmosSystemConsoleKeyEx', ID = '777'
Method 'SystemVoidCosmosSystemKeyMappingctorSystemByteSystemCharCosmosSystemConsoleKeyEx', ID = '778'
Method 'SystemVoidCosmosSystemKeyMappingctorSystemByteSystemCharSystemCharSystemCharSystemCharSystemCharSystemCharCosmosSystemConsoleKeyExCosmosSystemConsoleKeyEx', ID = '779'
Method 'SystemStringSystemArgumentOutOfRangeExceptionget_Message', ID = '781'
Method 'SystemStringSystemArgumentOutOfRangeExceptionget_RangeMessage', ID = '785'
Method 'SystemTextEncoderFallbackSystemTextEncoderFallbackget_ExceptionFallback', ID = '786'
Method 'SystemTextDecoderFallbackSystemTextDecoderFallbackget_ExceptionFallback', ID = '787'
Method 'SystemVoidSystemTextEncoderReplacementFallbackctorSystemString', ID = '788'
Method 'SystemVoidSystemTextDecoderReplacementFallbackctorSystemString', ID = '789'
Method 'SystemVoidSystemTextEncoderFallbackctor', ID = '791'
Method 'SystemVoidSystemTextDecoderFallbackctor', ID = '793'
Method 'SystemVoidSystemBufferMemmoveSystemBytepointerSystemBytepointerSystemUInt32', ID = '801'
Method 'SystemVoidCosmosCorePlugsIOPortImplWrite16SystemUInt16SystemUInt16', ID = '804'
Method 'SystemVoidSystemCollectionsGenericList1CosmosSystemKeyMappingEnsureCapacitySystemInt32', ID = '805'
Method 'SystemVoidCosmosSystemKeyMappingctorSystemByteSystemCharSystemCharSystemCharSystemCharSystemCharSystemCharSystemCharSystemCharSystemCharSystemCharCosmosSystemConsoleKeyEx', ID = '806'
Method 'SystemVoidCosmosSystemKeyMappingctorSystemByteSystemCharSystemCharSystemCharSystemCharSystemCharSystemCharSystemCharCosmosSystemConsoleKeyExCosmosSystemConsoleKeyEx', ID = '807'
Method 'SystemStringSystemArgumentExceptionget_Message', ID = '808'
Method 'SystemStringSystemEnvironmentget_NewLine', ID = '810'
Method 'SystemStringSystemStringConcatSystemStringSystemStringSystemString', ID = '811'
Method 'SystemVoidSystemThreadingMonitorEnterSystemObjectSystemBoolean', ID = '815'
Method 'SystemVoidSystemTextEncoderExceptionFallbackctor', ID = '816'
Method 'SystemVoidSystemTextDecoderExceptionFallbackctor', ID = '820'
Method 'SystemVoidSystemArgumentNullExceptionctorSystemString', ID = '822'
Method 'SystemBooleanSystemCharIsSurrogateSystemStringSystemInt32', ID = '823'
Method 'SystemBooleanSystemCharIsHighSurrogateSystemStringSystemInt32', ID = '824'
Method 'SystemVoidSystemArgumentExceptionctorSystemString', ID = '825'
Method 'SystemInt32SystemTextInternalEncoderBestFitFallbackGetHashCode', ID = '827'
Method 'SystemInt32SystemTextInternalDecoderBestFitFallbackGetHashCode', ID = '828'
Method 'SystemVoidCosmosCorePlugsMemoryOperationsMemoryOperationsImplFillSystemBytepointerSystemInt32SystemInt32', ID = '829'
Method 'SystemVoidSystemBuffer_MemmoveSystemBytepointerSystemBytepointerSystemUInt32', ID = '830'
Method 'SystemInt32CosmosCorePlugsSystemStringImplCompareToSystemString', ID = '831'
Method 'SystemVoidSystemCollectionsGenericList1CosmosSystemKeyMappingset_CapacitySystemInt32', ID = '832'
Method 'SystemVoidCosmosSystemKeyMappingctorSystemByteSystemCharSystemCharSystemCharSystemCharSystemCharSystemCharSystemCharSystemCharSystemCharSystemCharCosmosSystemConsoleKeyExCosmosSystemConsoleKeyEx', ID = '833'
Method 'SystemStringCosmosIL2CPUPlugsSystemEnvironmentImplGetResourceStringSystemStringSystemObjectarray', ID = '834'
Method 'SystemObjectCosmosCorePlugsSystemTextEncoderFallbackImplget_InternalSyncObject', ID = '835'
Method 'SystemVoidSystemThreadingMonitorThrowLockTakenException', ID = '838'
Method 'SystemVoidCosmosSystemPlugsSystemThreadingMonitorImplExitSystemObject', ID = '841'
Method 'SystemObjectCosmosCorePlugsSystemTextDecoderFallbackImplget_InternalSyncObject', ID = '842'
Method 'SystemInt32SystemTextEncoderReplacementFallbackGetHashCode', ID = '844'
Method 'SystemBooleanSystemCharIsSurrogateSystemChar', ID = '846'
Method 'SystemBooleanSystemCharIsHighSurrogateSystemChar', ID = '847'
Method 'SystemInt32SystemTextDecoderReplacementFallbackGetHashCode', ID = '848'
Method 'SystemInt32SystemMathDivRemSystemInt32SystemInt32SystemInt32', ID = '850'
Method 'SystemVoidCosmosCorePlugsMemoryOperationsMemoryOperationsImplFill16BlocksSystemBytepointerSystemInt32SystemInt32', ID = '851'
Method 'SystemVoidCosmosSystemPlugsSystemThreadingMonitorImplReliableEnterSystemObjectSystemBoolean', ID = '855'
Method 'SystemInt32SystemTextEncoderExceptionFallbackGetHashCode', ID = '856'
Method 'SystemInt32SystemTextDecoderExceptionFallbackGetHashCode', ID = '859'
Method 'SystemVoidCosmosCorePlugsSystemBufferImpl__MemmoveSystemBytepointerSystemBytepointerSystemUInt32', ID = '861'
Method 'SystemStringCosmosCorePlugsSystemStringImplFormatSystemStringSystemObjectarray', ID = '862'
Method 'SystemVoidSystemMathcctor', ID = '863'
Method 'SystemStringCosmosCorePlugsSystemStringImplFormatHelperSystemIFormatProviderSystemStringSystemObjectarray', ID = '865'
Method 'SystemVoidCosmosIL2CPUPlugsSystemRuntimeCompilerServicesRuntimeHelpersImplInitializeArraySystemArraySystemRuntimeFieldHandle', ID = '870'
Method 'SystemVoidSystemFormatExceptionctorSystemString', ID = '874'
Method 'SystemStringSystemStringSubstringSystemInt32SystemInt32', ID = '875'
Method 'SystemInt32CosmosCommonStringHelperGetStringToNumberSystemString', ID = '876'
Method 'SystemVoidSystemDoublecctor', ID = '878'
Method 'SystemInt32SystemDoubleGetHashCode', ID = '880'
Method 'SystemChararrayCosmosCorePlugsSystemStringImplToCharArray', ID = '884'
Method 'SystemStringSystemStringInternalSubStringSystemInt32SystemInt32', ID = '886'
Method 'SystemBooleanSystemStringIsNullOrWhiteSpaceSystemString', ID = '887'
Method 'SystemBooleanCosmosSystemPlugsSystemCharImplIsDigitSystemChar', ID = '888'
Method 'SystemDoubleSystemBitConverterInt64BitsToDoubleSystemInt64', ID = '889'
Method 'SystemStringCosmosSystemPlugsSystemDoubleImplToString', ID = '891'
Method 'SystemInt32SystemRuntimeFieldHandleGetHashCode', ID = '892'
Method 'SystemStringCosmosCommonStringHelperGetNumberStringSystemDouble', ID = '899'
Method 'SystemIntPtrSystemRuntimeFieldHandleget_Value', ID = '900'
Method 'SystemBooleanCosmosSystemPlugsSystemCharImplIsWhiteSpaceSystemChar', ID = '902'
Method 'SystemInt32SystemInt64GetHashCode', ID = '904'
Method 'SystemVoidSystemBitConvertercctor', ID = '905'
Method 'SystemInt64SystemBitConverterDoubleToInt64BitsSystemDouble', ID = '906'
Method 'SystemIntPtrSystemRuntimeFieldHandleInternalget_Value', ID = '909'
Method 'SystemInt32CosmosSystemPlugsSystemValueTypeImplGetHashCodeOfPtrSystemIntPtr', ID = '910'
Method 'SystemStringCosmosSystemPlugsSystemInt64ImplToString', ID = '911'
Method 'SystemStringCosmosCommonStringHelperGetNumberStringSystemInt64', ID = '917'
